<?xml version="1.0" encoding="UTF-8"?>
<!-- Generated by org.testng.reporters.JUnitReportReporter -->
<testsuite hostname="IN-5CG0363D7H" name="driver_add" tests="5" failures="0" timestamp="19 Jan 2021 06:54:47 GMT" time="0.016" errors="0">
  <testcase name="testAdd" time="0.001" classname="driver_add"/>
  <testcase name="testAdd" time="0.001" classname="driver_add"/>
  <testcase name="testAdd" time="0.001" classname="driver_add"/>
  <testcase name="testAdd" time="0.002" classname="driver_add"/>
  <testcase name="testAdd" time="0.011" classname="driver_add"/>
</testsuite> <!-- driver_add -->
